<?xml version="1.0" encoding="UTF-8"?>
<!-- Generated by org.testng.reporters.JUnitXMLReporter -->
<testsuite ignored="0" hostname="DESKTOP-4FFBNMC" failures="1" tests="2" name="Test" time="36.34" errors="0" timestamp="2024-07-18T23:29:08 IST">
  <testcase classname="testNG.NewTest" name="MouseHover_Tooltip" time="0.667">
    <failure type="java.lang.AssertionError" message="expected [Live1] but found [Live]">
      <![CDATA[java.lang.AssertionError: expected [Live1] but found [Live]
at testNG.NewTest.MouseHover_Tooltip(NewTest.java:49)
at java.base/java.util.concurrent.ThreadPoolExecutor.runWorker(ThreadPoolExecutor.java:1128)
at java.base/java.util.concurrent.ThreadPoolExecutor$Worker.run(ThreadPoolExecutor.java:628)
at java.base/java.lang.Thread.run(Thread.java:834)
... Removed 18 stack frames]]>
    </failure>
  </testcase> <!-- MouseHover_Tooltip -->
  <testcase classname="testNG.NewTest" name="iFrame" time="30.563"/>
</testsuite> <!-- Test -->
